<?xml version="1.0" encoding="UTF-8" standalone="yes" ?>
<test-results name="C:\Progetti\crypt4delphi\Tests\CNG\CNGTest.exe" total="6" errors="0" failures="0" ignored="0" inconclusive="0" not-run="0" skipped="0" invalid="0" date="2019-12-04" time="0.003">
  <culture-info current-culture="en" current-uiculture="en" />
  <test-suite type="Assembly" name="CNGTest.exe" executed="true" result="Success" success="True" time="0.003" asserts="0">
    <results>
        <test-suite type="Namespace" name="CryptCNGTest" executed="true" result="Success" success="True" time="0.003" asserts="0" >
          <results>
              <test-suite type="Fixture" name="TCryptCNGTest" executed="True" result="Success" success="True" time="0.003" >
                <results>
                  <test-case name="TestEncryptDecryptWithPassword" executed="True" result="Success" success="True" time="0.001" asserts="0" />
                  <test-case name="TestEncryptDecryptWithPasswordAndIV" executed="True" result="Success" success="True" time="0.000" asserts="0" />
                  <test-case name="TestEncryptDecryptWithKeyStoreIV" executed="True" result="Success" success="True" time="0.000" asserts="0" />
                  <test-case name="TestEncryptDecryptWithKeyNoStoreIV" executed="True" result="Success" success="True" time="0.000" asserts="0" />
                  <test-case name="TestEncryptDecryptLongText" executed="True" result="Success" success="True" time="0.000" asserts="0" />
                  <test-case name="TestEncryptDecryptCheckBlockSize" executed="True" result="Success" success="True" time="0.000" asserts="0" />
                </results>
              </test-suite>
          </results>
        </test-suite>
    </results>
  </test-suite>
</test-results>
